<?xml version="1.0" encoding="UTF-8"?>
<!-- Generated by org.testng.reporters.JUnitReportReporter -->
<testsuite skipped="0" hostname="Win10Prox64-AG" name="NEC_Automation.Ebay_Test" tests="1" failures="0" timestamp="02 Nov 2017 03:09:56 GMT" time="38.645" errors="0">
  <testcase name="Scenario3" time="38.645" classname="NEC_Automation.Ebay_Test"/>
</testsuite> <!-- NEC_Automation.Ebay_Test -->
