<?xml version="1.0" encoding="UTF-8"?>
<!-- Generated by org.testng.reporters.JUnitReportReporter -->
<testsuite skipped="0" hostname="Win10Prox64-AG" name="NEC_Automation.Ebay_TestFlow" tests="1" failures="0" timestamp="01 Nov 2017 09:35:38 GMT" time="113.364" errors="0">
  <testcase name="ehs_ValAdmnSummary" time="113.364" classname="NEC_Automation.Ebay_TestFlow"/>
</testsuite> <!-- NEC_Automation.Ebay_TestFlow -->
